{"/home/eusouanderson/Projetos/Challenge_Comerc/frontend/src/components/atoms/Button.vue": {"path":"/home/eusouanderson/Projetos/Challenge_Comerc/frontend/src/components/atoms/Button.vue","all":false,"statementMap":{"0":{"start":{"line":1,"column":0},"end":{"line":1,"column":10}},"1":{"start":{"line":2,"column":0},"end":{"line":2,"column":9}},"2":{"start":{"line":3,"column":0},"end":{"line":3,"column":13}},"3":{"start":{"line":4,"column":0},"end":{"line":4,"column":59}},"4":{"start":{"line":5,"column":0},"end":{"line":5,"column":21}},"5":{"start":{"line":6,"column":0},"end":{"line":6,"column":73}},"6":{"start":{"line":7,"column":0},"end":{"line":7,"column":6}},"7":{"start":{"line":8,"column":0},"end":{"line":8,"column":24}},"8":{"start":{"line":9,"column":0},"end":{"line":9,"column":27}},"9":{"start":{"line":10,"column":0},"end":{"line":10,"column":3}},"10":{"start":{"line":11,"column":0},"end":{"line":11,"column":12}},"11":{"start":{"line":12,"column":0},"end":{"line":12,"column":11}},"12":{"start":{"line":13,"column":0},"end":{"line":13,"column":11}},"13":{"start":{"line":14,"column":0},"end":{"line":14,"column":0}},"14":{"start":{"line":15,"column":0},"end":{"line":15,"column":24}},"15":{"start":{"line":16,"column":0},"end":{"line":16,"column":44}},"16":{"start":{"line":17,"column":0},"end":{"line":17,"column":0}},"17":{"start":{"line":18,"column":0},"end":{"line":18,"column":27}},"18":{"start":{"line":19,"column":0},"end":{"line":19,"column":47}},"19":{"start":{"line":20,"column":0},"end":{"line":20,"column":21}},"20":{"start":{"line":21,"column":0},"end":{"line":21,"column":5}},"21":{"start":{"line":22,"column":0},"end":{"line":22,"column":0}},"22":{"start":{"line":23,"column":0},"end":{"line":23,"column":39}},"23":{"start":{"line":24,"column":0},"end":{"line":24,"column":26}},"24":{"start":{"line":25,"column":0},"end":{"line":25,"column":21}},"25":{"start":{"line":26,"column":0},"end":{"line":26,"column":38}},"26":{"start":{"line":27,"column":0},"end":{"line":27,"column":18}},"27":{"start":{"line":28,"column":0},"end":{"line":28,"column":37}},"28":{"start":{"line":29,"column":0},"end":{"line":29,"column":12}},"29":{"start":{"line":30,"column":0},"end":{"line":30,"column":38}},"30":{"start":{"line":31,"column":0},"end":{"line":31,"column":3}},"31":{"start":{"line":32,"column":0},"end":{"line":32,"column":3}},"32":{"start":{"line":33,"column":0},"end":{"line":33,"column":9}}},"s":{"0":1,"1":1,"2":1,"3":1,"4":1,"5":1,"6":1,"7":1,"8":1,"9":1,"10":1,"11":1,"12":1,"13":1,"14":1,"15":1,"16":1,"17":1,"18":1,"19":1,"20":1,"21":1,"22":1,"23":13,"24":13,"25":1,"26":13,"27":1,"28":13,"29":11,"30":13,"31":1,"32":1},"branchMap":{"0":{"type":"branch","line":23,"loc":{"start":{"line":23,"column":32},"end":{"line":32,"column":1}},"locations":[{"start":{"line":23,"column":32},"end":{"line":32,"column":1}}]},"1":{"type":"branch","line":25,"loc":{"start":{"line":25,"column":4},"end":{"line":26,"column":38}},"locations":[{"start":{"line":25,"column":4},"end":{"line":26,"column":38}}]},"2":{"type":"branch","line":27,"loc":{"start":{"line":27,"column":4},"end":{"line":28,"column":37}},"locations":[{"start":{"line":27,"column":4},"end":{"line":28,"column":37}}]},"3":{"type":"branch","line":29,"loc":{"start":{"line":29,"column":4},"end":{"line":30,"column":38}},"locations":[{"start":{"line":29,"column":4},"end":{"line":30,"column":38}}]},"4":{"type":"branch","line":9,"loc":{"start":{"line":9,"column":10},"end":{"line":9,"column":27}},"locations":[{"start":{"line":9,"column":10},"end":{"line":9,"column":27}}]}},"b":{"0":[13],"1":[1],"2":[1],"3":[11],"4":[1]},"fnMap":{"0":{"name":"__vite_ssr_import_2__.createElementBlock.onClick._cache.<computed>._cache.<computed>","decl":{"start":{"line":9,"column":10},"end":{"line":9,"column":27}},"loc":{"start":{"line":9,"column":10},"end":{"line":9,"column":27}},"line":9}},"f":{"0":1}}
,"/home/eusouanderson/Projetos/Challenge_Comerc/frontend/src/components/atoms/FeedbackMessage.vue": {"path":"/home/eusouanderson/Projetos/Challenge_Comerc/frontend/src/components/atoms/FeedbackMessage.vue","all":false,"statementMap":{"0":{"start":{"line":1,"column":0},"end":{"line":1,"column":10}},"1":{"start":{"line":2,"column":0},"end":{"line":2,"column":6}},"2":{"start":{"line":3,"column":0},"end":{"line":3,"column":105}},"3":{"start":{"line":4,"column":0},"end":{"line":4,"column":13}},"4":{"start":{"line":5,"column":0},"end":{"line":5,"column":41}},"5":{"start":{"line":6,"column":0},"end":{"line":6,"column":37}},"6":{"start":{"line":7,"column":0},"end":{"line":7,"column":6}},"7":{"start":{"line":8,"column":0},"end":{"line":8,"column":3}},"8":{"start":{"line":9,"column":0},"end":{"line":9,"column":17}},"9":{"start":{"line":10,"column":0},"end":{"line":10,"column":8}},"10":{"start":{"line":11,"column":0},"end":{"line":11,"column":11}},"11":{"start":{"line":12,"column":0},"end":{"line":12,"column":0}},"12":{"start":{"line":13,"column":0},"end":{"line":13,"column":18}},"13":{"start":{"line":14,"column":0},"end":{"line":14,"column":38}},"14":{"start":{"line":15,"column":0},"end":{"line":15,"column":0}},"15":{"start":{"line":16,"column":0},"end":{"line":16,"column":32}},"16":{"start":{"line":17,"column":0},"end":{"line":17,"column":26}},"17":{"start":{"line":18,"column":0},"end":{"line":18,"column":10}},"18":{"start":{"line":19,"column":0},"end":{"line":19,"column":46}},"19":{"start":{"line":20,"column":0},"end":{"line":20,"column":76}},"20":{"start":{"line":21,"column":0},"end":{"line":21,"column":4}},"21":{"start":{"line":22,"column":0},"end":{"line":22,"column":3}},"22":{"start":{"line":23,"column":0},"end":{"line":23,"column":9}}},"s":{"0":1,"1":1,"2":1,"3":1,"4":1,"5":1,"6":1,"7":1,"8":1,"9":1,"10":1,"11":1,"12":1,"13":1,"14":1,"15":1,"16":1,"17":1,"18":1,"19":1,"20":1,"21":1,"22":1},"branchMap":{},"b":{},"fnMap":{},"f":{}}
,"/home/eusouanderson/Projetos/Challenge_Comerc/frontend/src/components/atoms/GlobalError.vue": {"path":"/home/eusouanderson/Projetos/Challenge_Comerc/frontend/src/components/atoms/GlobalError.vue","all":false,"statementMap":{"0":{"start":{"line":1,"column":0},"end":{"line":1,"column":10}},"1":{"start":{"line":2,"column":0},"end":{"line":2,"column":26}},"2":{"start":{"line":3,"column":0},"end":{"line":3,"column":8}},"3":{"start":{"line":4,"column":0},"end":{"line":4,"column":25}},"4":{"start":{"line":5,"column":0},"end":{"line":5,"column":149}},"5":{"start":{"line":6,"column":0},"end":{"line":6,"column":18}},"6":{"start":{"line":7,"column":0},"end":{"line":7,"column":5}},"7":{"start":{"line":8,"column":0},"end":{"line":8,"column":46}},"8":{"start":{"line":9,"column":0},"end":{"line":9,"column":52}},"9":{"start":{"line":10,"column":0},"end":{"line":10,"column":13}},"10":{"start":{"line":11,"column":0},"end":{"line":11,"column":31}},"11":{"start":{"line":12,"column":0},"end":{"line":12,"column":76}},"12":{"start":{"line":13,"column":0},"end":{"line":13,"column":27}},"13":{"start":{"line":14,"column":0},"end":{"line":14,"column":7}},"14":{"start":{"line":15,"column":0},"end":{"line":15,"column":15}},"15":{"start":{"line":16,"column":0},"end":{"line":16,"column":15}},"16":{"start":{"line":17,"column":0},"end":{"line":17,"column":10}},"17":{"start":{"line":18,"column":0},"end":{"line":18,"column":15}},"18":{"start":{"line":19,"column":0},"end":{"line":19,"column":11}},"19":{"start":{"line":20,"column":0},"end":{"line":20,"column":0}},"20":{"start":{"line":21,"column":0},"end":{"line":21,"column":14}},"21":{"start":{"line":22,"column":0},"end":{"line":22,"column":13}},"22":{"start":{"line":23,"column":0},"end":{"line":23,"column":23}},"23":{"start":{"line":24,"column":0},"end":{"line":24,"column":3}},"24":{"start":{"line":25,"column":0},"end":{"line":25,"column":9}},"25":{"start":{"line":26,"column":0},"end":{"line":26,"column":0}},"26":{"start":{"line":27,"column":0},"end":{"line":27,"column":7}},"27":{"start":{"line":28,"column":0},"end":{"line":28,"column":19}},"28":{"start":{"line":29,"column":0},"end":{"line":29,"column":20}},"29":{"start":{"line":30,"column":0},"end":{"line":30,"column":32}},"30":{"start":{"line":31,"column":0},"end":{"line":31,"column":1}},"31":{"start":{"line":32,"column":0},"end":{"line":32,"column":17}},"32":{"start":{"line":33,"column":0},"end":{"line":33,"column":16}},"33":{"start":{"line":34,"column":0},"end":{"line":34,"column":13}},"34":{"start":{"line":35,"column":0},"end":{"line":35,"column":1}},"35":{"start":{"line":36,"column":0},"end":{"line":36,"column":8}}},"s":{"0":1,"1":1,"2":1,"3":1,"4":1,"5":1,"6":1,"7":1,"8":1,"9":1,"10":1,"11":1,"12":1,"13":1,"14":1,"15":1,"16":1,"17":1,"18":1,"19":1,"20":1,"21":1,"22":1,"23":1,"24":1,"25":1,"26":1,"27":1,"28":1,"29":1,"30":1,"31":1,"32":1,"33":1,"34":1,"35":1},"branchMap":{"0":{"type":"branch","line":11,"loc":{"start":{"line":11,"column":14},"end":{"line":11,"column":31}},"locations":[{"start":{"line":11,"column":14},"end":{"line":11,"column":31}}]}},"b":{"0":[1]},"fnMap":{"0":{"name":"__vite_ssr_import_0__.createElementBlock.__vite_ssr_import_0__.createElementVNode.onClick._cache.<computed>._cache.<computed>","decl":{"start":{"line":11,"column":14},"end":{"line":11,"column":31}},"loc":{"start":{"line":11,"column":14},"end":{"line":11,"column":31}},"line":11}},"f":{"0":1}}
,"/home/eusouanderson/Projetos/Challenge_Comerc/frontend/src/components/atoms/Input.vue": {"path":"/home/eusouanderson/Projetos/Challenge_Comerc/frontend/src/components/atoms/Input.vue","all":false,"statementMap":{"0":{"start":{"line":1,"column":0},"end":{"line":1,"column":10}},"1":{"start":{"line":2,"column":0},"end":{"line":2,"column":8}},"2":{"start":{"line":3,"column":0},"end":{"line":3,"column":16}},"3":{"start":{"line":4,"column":0},"end":{"line":4,"column":30}},"4":{"start":{"line":5,"column":0},"end":{"line":5,"column":23}},"5":{"start":{"line":6,"column":0},"end":{"line":6,"column":60}},"6":{"start":{"line":7,"column":0},"end":{"line":7,"column":136}},"7":{"start":{"line":8,"column":0},"end":{"line":8,"column":4}},"8":{"start":{"line":9,"column":0},"end":{"line":9,"column":11}},"9":{"start":{"line":10,"column":0},"end":{"line":10,"column":0}},"10":{"start":{"line":11,"column":0},"end":{"line":11,"column":24}},"11":{"start":{"line":12,"column":0},"end":{"line":12,"column":27}},"12":{"start":{"line":13,"column":0},"end":{"line":13,"column":21}},"13":{"start":{"line":14,"column":0},"end":{"line":14,"column":23}},"14":{"start":{"line":15,"column":0},"end":{"line":15,"column":16}},"15":{"start":{"line":16,"column":0},"end":{"line":16,"column":5}},"16":{"start":{"line":17,"column":0},"end":{"line":17,"column":9}}},"s":{"0":1,"1":1,"2":1,"3":1,"4":1,"5":1,"6":1,"7":1,"8":1,"9":1,"10":1,"11":1,"12":1,"13":1,"14":1,"15":1,"16":1},"branchMap":{"0":{"type":"branch","line":6,"loc":{"start":{"line":6,"column":10},"end":{"line":6,"column":60}},"locations":[{"start":{"line":6,"column":10},"end":{"line":6,"column":60}}]},"1":{"type":"branch","line":6,"loc":{"start":{"line":6,"column":10},"end":{"line":6,"column":60}},"locations":[{"start":{"line":6,"column":10},"end":{"line":6,"column":60}}]}},"b":{"0":[113],"1":[15]},"fnMap":{"0":{"name":"__vite_ssr_import_1__.createElementBlock.onInput._cache.<computed>._cache.<computed>","decl":{"start":{"line":6,"column":10},"end":{"line":6,"column":60}},"loc":{"start":{"line":6,"column":10},"end":{"line":6,"column":60}},"line":6}},"f":{"0":15}}
,"/home/eusouanderson/Projetos/Challenge_Comerc/frontend/src/components/atoms/Modal.vue": {"path":"/home/eusouanderson/Projetos/Challenge_Comerc/frontend/src/components/atoms/Modal.vue","all":false,"statementMap":{"0":{"start":{"line":1,"column":0},"end":{"line":1,"column":10}},"1":{"start":{"line":2,"column":0},"end":{"line":2,"column":6}},"2":{"start":{"line":3,"column":0},"end":{"line":3,"column":18}},"3":{"start":{"line":4,"column":0},"end":{"line":4,"column":84}},"4":{"start":{"line":5,"column":0},"end":{"line":5,"column":3}},"5":{"start":{"line":6,"column":0},"end":{"line":6,"column":86}},"6":{"start":{"line":7,"column":0},"end":{"line":7,"column":90}},"7":{"start":{"line":8,"column":0},"end":{"line":8,"column":74}},"8":{"start":{"line":9,"column":0},"end":{"line":9,"column":15}},"9":{"start":{"line":10,"column":0},"end":{"line":10,"column":33}},"10":{"start":{"line":11,"column":0},"end":{"line":11,"column":86}},"11":{"start":{"line":12,"column":0},"end":{"line":12,"column":9}},"12":{"start":{"line":13,"column":0},"end":{"line":13,"column":17}},"13":{"start":{"line":14,"column":0},"end":{"line":14,"column":17}},"14":{"start":{"line":15,"column":0},"end":{"line":15,"column":15}},"15":{"start":{"line":16,"column":0},"end":{"line":16,"column":59}},"16":{"start":{"line":17,"column":0},"end":{"line":17,"column":16}},"17":{"start":{"line":18,"column":0},"end":{"line":18,"column":13}},"18":{"start":{"line":19,"column":0},"end":{"line":19,"column":10}},"19":{"start":{"line":20,"column":0},"end":{"line":20,"column":8}},"20":{"start":{"line":21,"column":0},"end":{"line":21,"column":11}},"21":{"start":{"line":22,"column":0},"end":{"line":22,"column":0}},"22":{"start":{"line":23,"column":0},"end":{"line":23,"column":24}},"23":{"start":{"line":24,"column":0},"end":{"line":24,"column":50}},"24":{"start":{"line":25,"column":0},"end":{"line":25,"column":9}}},"s":{"0":1,"1":1,"2":1,"3":1,"4":1,"5":1,"6":1,"7":1,"8":1,"9":1,"10":1,"11":1,"12":1,"13":1,"14":1,"15":1,"16":1,"17":1,"18":1,"19":1,"20":1,"21":1,"22":1,"23":1,"24":1},"branchMap":{},"b":{},"fnMap":{},"f":{}}
,"/home/eusouanderson/Projetos/Challenge_Comerc/frontend/src/components/atoms/MovieCard.vue": {"path":"/home/eusouanderson/Projetos/Challenge_Comerc/frontend/src/components/atoms/MovieCard.vue","all":false,"statementMap":{"0":{"start":{"line":1,"column":0},"end":{"line":1,"column":10}},"1":{"start":{"line":2,"column":0},"end":{"line":2,"column":6}},"2":{"start":{"line":3,"column":0},"end":{"line":3,"column":99}},"3":{"start":{"line":4,"column":0},"end":{"line":4,"column":3}},"4":{"start":{"line":5,"column":0},"end":{"line":5,"column":8}},"5":{"start":{"line":6,"column":0},"end":{"line":6,"column":19}},"6":{"start":{"line":7,"column":0},"end":{"line":7,"column":18}},"7":{"start":{"line":8,"column":0},"end":{"line":8,"column":55}},"8":{"start":{"line":9,"column":0},"end":{"line":9,"column":31}},"9":{"start":{"line":10,"column":0},"end":{"line":10,"column":6}},"10":{"start":{"line":11,"column":0},"end":{"line":11,"column":21}},"11":{"start":{"line":12,"column":0},"end":{"line":12,"column":97}},"12":{"start":{"line":13,"column":0},"end":{"line":13,"column":19}},"13":{"start":{"line":14,"column":0},"end":{"line":14,"column":10}},"14":{"start":{"line":15,"column":0},"end":{"line":15,"column":8}},"15":{"start":{"line":16,"column":0},"end":{"line":16,"column":11}},"16":{"start":{"line":17,"column":0},"end":{"line":17,"column":0}},"17":{"start":{"line":18,"column":0},"end":{"line":18,"column":18}},"18":{"start":{"line":19,"column":0},"end":{"line":19,"column":38}},"19":{"start":{"line":20,"column":0},"end":{"line":20,"column":0}},"20":{"start":{"line":21,"column":0},"end":{"line":21,"column":32}},"21":{"start":{"line":22,"column":0},"end":{"line":22,"column":20}},"22":{"start":{"line":23,"column":0},"end":{"line":23,"column":10}},"23":{"start":{"line":24,"column":0},"end":{"line":24,"column":44}},"24":{"start":{"line":25,"column":0},"end":{"line":25,"column":43}},"25":{"start":{"line":26,"column":0},"end":{"line":26,"column":45}},"26":{"start":{"line":27,"column":0},"end":{"line":27,"column":4}},"27":{"start":{"line":28,"column":0},"end":{"line":28,"column":12}},"28":{"start":{"line":29,"column":0},"end":{"line":29,"column":36}},"29":{"start":{"line":30,"column":0},"end":{"line":30,"column":51}},"30":{"start":{"line":31,"column":0},"end":{"line":31,"column":88}},"31":{"start":{"line":32,"column":0},"end":{"line":32,"column":6}},"32":{"start":{"line":33,"column":0},"end":{"line":33,"column":4}},"33":{"start":{"line":34,"column":0},"end":{"line":34,"column":3}},"34":{"start":{"line":35,"column":0},"end":{"line":35,"column":9}}},"s":{"0":1,"1":1,"2":1,"3":1,"4":1,"5":1,"6":1,"7":1,"8":1,"9":1,"10":1,"11":1,"12":1,"13":1,"14":1,"15":1,"16":1,"17":1,"18":1,"19":1,"20":1,"21":1,"22":1,"23":1,"24":1,"25":1,"26":1,"27":1,"28":1,"29":1,"30":1,"31":1,"32":1,"33":1,"34":1},"branchMap":{"0":{"type":"branch","line":29,"loc":{"start":{"line":29,"column":4},"end":{"line":32,"column":6}},"locations":[{"start":{"line":29,"column":4},"end":{"line":32,"column":6}}]},"1":{"type":"branch","line":9,"loc":{"start":{"line":9,"column":12},"end":{"line":9,"column":31}},"locations":[{"start":{"line":9,"column":12},"end":{"line":9,"column":31}}]}},"b":{"0":[1],"1":[1]},"fnMap":{"0":{"name":"handleImageError","decl":{"start":{"line":29,"column":4},"end":{"line":32,"column":6}},"loc":{"start":{"line":29,"column":4},"end":{"line":32,"column":6}},"line":29},"1":{"name":"__vite_ssr_import_1__.createElementBlock.__vite_ssr_import_1__.createElementVNode.onError._cache.<computed>._cache.<computed>","decl":{"start":{"line":9,"column":12},"end":{"line":9,"column":31}},"loc":{"start":{"line":9,"column":12},"end":{"line":9,"column":31}},"line":9}},"f":{"0":1,"1":1}}
,"/home/eusouanderson/Projetos/Challenge_Comerc/frontend/src/components/molecules/ClientForm.vue": {"path":"/home/eusouanderson/Projetos/Challenge_Comerc/frontend/src/components/molecules/ClientForm.vue","all":false,"statementMap":{"0":{"start":{"line":1,"column":0},"end":{"line":1,"column":10}},"1":{"start":{"line":2,"column":0},"end":{"line":2,"column":57}},"2":{"start":{"line":3,"column":0},"end":{"line":3,"column":9}},"3":{"start":{"line":4,"column":0},"end":{"line":4,"column":69}},"4":{"start":{"line":5,"column":0},"end":{"line":5,"column":73}},"5":{"start":{"line":6,"column":0},"end":{"line":6,"column":10}},"6":{"start":{"line":7,"column":0},"end":{"line":7,"column":0}},"7":{"start":{"line":8,"column":0},"end":{"line":8,"column":9}},"8":{"start":{"line":9,"column":0},"end":{"line":9,"column":78}},"9":{"start":{"line":10,"column":0},"end":{"line":10,"column":86}},"10":{"start":{"line":11,"column":0},"end":{"line":11,"column":10}},"11":{"start":{"line":12,"column":0},"end":{"line":12,"column":0}},"12":{"start":{"line":13,"column":0},"end":{"line":13,"column":9}},"13":{"start":{"line":14,"column":0},"end":{"line":14,"column":72}},"14":{"start":{"line":15,"column":0},"end":{"line":15,"column":12}},"15":{"start":{"line":16,"column":0},"end":{"line":16,"column":18}},"16":{"start":{"line":17,"column":0},"end":{"line":17,"column":20}},"17":{"start":{"line":18,"column":0},"end":{"line":18,"column":28}},"18":{"start":{"line":19,"column":0},"end":{"line":19,"column":41}},"19":{"start":{"line":20,"column":0},"end":{"line":20,"column":16}},"20":{"start":{"line":21,"column":0},"end":{"line":21,"column":8}},"21":{"start":{"line":22,"column":0},"end":{"line":22,"column":10}},"22":{"start":{"line":23,"column":0},"end":{"line":23,"column":0}},"23":{"start":{"line":24,"column":0},"end":{"line":24,"column":9}},"24":{"start":{"line":25,"column":0},"end":{"line":25,"column":67}},"25":{"start":{"line":26,"column":0},"end":{"line":26,"column":12}},"26":{"start":{"line":27,"column":0},"end":{"line":27,"column":16}},"27":{"start":{"line":28,"column":0},"end":{"line":28,"column":26}},"28":{"start":{"line":29,"column":0},"end":{"line":29,"column":56}},"29":{"start":{"line":30,"column":0},"end":{"line":30,"column":16}},"30":{"start":{"line":31,"column":0},"end":{"line":31,"column":8}},"31":{"start":{"line":32,"column":0},"end":{"line":32,"column":10}},"32":{"start":{"line":33,"column":0},"end":{"line":33,"column":0}},"33":{"start":{"line":34,"column":0},"end":{"line":34,"column":9}},"34":{"start":{"line":35,"column":0},"end":{"line":35,"column":72}},"35":{"start":{"line":36,"column":0},"end":{"line":36,"column":84}},"36":{"start":{"line":37,"column":0},"end":{"line":37,"column":10}},"37":{"start":{"line":38,"column":0},"end":{"line":38,"column":0}},"38":{"start":{"line":39,"column":0},"end":{"line":39,"column":9}},"39":{"start":{"line":40,"column":0},"end":{"line":40,"column":67}},"40":{"start":{"line":41,"column":0},"end":{"line":41,"column":91}},"41":{"start":{"line":42,"column":0},"end":{"line":42,"column":10}},"42":{"start":{"line":43,"column":0},"end":{"line":43,"column":0}},"43":{"start":{"line":44,"column":0},"end":{"line":44,"column":9}},"44":{"start":{"line":45,"column":0},"end":{"line":45,"column":77}},"45":{"start":{"line":46,"column":0},"end":{"line":46,"column":12}},"46":{"start":{"line":47,"column":0},"end":{"line":47,"column":19}},"47":{"start":{"line":48,"column":0},"end":{"line":48,"column":29}},"48":{"start":{"line":49,"column":0},"end":{"line":49,"column":40}},"49":{"start":{"line":50,"column":0},"end":{"line":50,"column":16}},"50":{"start":{"line":51,"column":0},"end":{"line":51,"column":30}},"51":{"start":{"line":52,"column":0},"end":{"line":52,"column":8}},"52":{"start":{"line":53,"column":0},"end":{"line":53,"column":10}},"53":{"start":{"line":54,"column":0},"end":{"line":54,"column":0}},"54":{"start":{"line":55,"column":0},"end":{"line":55,"column":9}},"55":{"start":{"line":56,"column":0},"end":{"line":56,"column":79}},"56":{"start":{"line":57,"column":0},"end":{"line":57,"column":12}},"57":{"start":{"line":58,"column":0},"end":{"line":58,"column":25}},"58":{"start":{"line":59,"column":0},"end":{"line":59,"column":35}},"59":{"start":{"line":60,"column":0},"end":{"line":60,"column":28}},"60":{"start":{"line":61,"column":0},"end":{"line":61,"column":16}},"61":{"start":{"line":62,"column":0},"end":{"line":62,"column":30}},"62":{"start":{"line":63,"column":0},"end":{"line":63,"column":8}},"63":{"start":{"line":64,"column":0},"end":{"line":64,"column":10}},"64":{"start":{"line":65,"column":0},"end":{"line":65,"column":0}},"65":{"start":{"line":66,"column":0},"end":{"line":66,"column":9}},"66":{"start":{"line":67,"column":0},"end":{"line":67,"column":71}},"67":{"start":{"line":68,"column":0},"end":{"line":68,"column":98}},"68":{"start":{"line":69,"column":0},"end":{"line":69,"column":10}},"69":{"start":{"line":70,"column":0},"end":{"line":70,"column":0}},"70":{"start":{"line":71,"column":0},"end":{"line":71,"column":9}},"71":{"start":{"line":72,"column":0},"end":{"line":72,"column":65}},"72":{"start":{"line":73,"column":0},"end":{"line":73,"column":12}},"73":{"start":{"line":74,"column":0},"end":{"line":74,"column":15}},"74":{"start":{"line":75,"column":0},"end":{"line":75,"column":25}},"75":{"start":{"line":76,"column":0},"end":{"line":76,"column":24}},"76":{"start":{"line":77,"column":0},"end":{"line":77,"column":21}},"77":{"start":{"line":78,"column":0},"end":{"line":78,"column":16}},"78":{"start":{"line":79,"column":0},"end":{"line":79,"column":30}},"79":{"start":{"line":80,"column":0},"end":{"line":80,"column":8}},"80":{"start":{"line":81,"column":0},"end":{"line":81,"column":10}},"81":{"start":{"line":82,"column":0},"end":{"line":82,"column":0}},"82":{"start":{"line":83,"column":0},"end":{"line":83,"column":9}},"83":{"start":{"line":84,"column":0},"end":{"line":84,"column":74}},"84":{"start":{"line":85,"column":0},"end":{"line":85,"column":12}},"85":{"start":{"line":86,"column":0},"end":{"line":86,"column":21}},"86":{"start":{"line":87,"column":0},"end":{"line":87,"column":23}},"87":{"start":{"line":88,"column":0},"end":{"line":88,"column":31}},"88":{"start":{"line":89,"column":0},"end":{"line":89,"column":27}},"89":{"start":{"line":90,"column":0},"end":{"line":90,"column":37}},"90":{"start":{"line":91,"column":0},"end":{"line":91,"column":8}},"91":{"start":{"line":92,"column":0},"end":{"line":92,"column":10}},"92":{"start":{"line":93,"column":0},"end":{"line":93,"column":0}},"93":{"start":{"line":94,"column":0},"end":{"line":94,"column":9}},"94":{"start":{"line":95,"column":0},"end":{"line":95,"column":73}},"95":{"start":{"line":96,"column":0},"end":{"line":96,"column":82}},"96":{"start":{"line":97,"column":0},"end":{"line":97,"column":45}},"97":{"start":{"line":98,"column":0},"end":{"line":98,"column":49}},"98":{"start":{"line":99,"column":0},"end":{"line":99,"column":15}},"99":{"start":{"line":100,"column":0},"end":{"line":100,"column":10}},"100":{"start":{"line":101,"column":0},"end":{"line":101,"column":0}},"101":{"start":{"line":102,"column":0},"end":{"line":102,"column":59}},"102":{"start":{"line":103,"column":0},"end":{"line":103,"column":9}},"103":{"start":{"line":104,"column":0},"end":{"line":104,"column":11}},"104":{"start":{"line":105,"column":0},"end":{"line":105,"column":0}},"105":{"start":{"line":106,"column":0},"end":{"line":106,"column":24}},"106":{"start":{"line":107,"column":0},"end":{"line":107,"column":43}},"107":{"start":{"line":108,"column":0},"end":{"line":108,"column":49}},"108":{"start":{"line":109,"column":0},"end":{"line":109,"column":51}},"109":{"start":{"line":110,"column":0},"end":{"line":110,"column":0}},"110":{"start":{"line":111,"column":0},"end":{"line":111,"column":49}},"111":{"start":{"line":112,"column":0},"end":{"line":112,"column":35}},"112":{"start":{"line":113,"column":0},"end":{"line":113,"column":0}},"113":{"start":{"line":114,"column":0},"end":{"line":114,"column":30}},"114":{"start":{"line":115,"column":0},"end":{"line":115,"column":0}},"115":{"start":{"line":116,"column":0},"end":{"line":116,"column":23}},"116":{"start":{"line":117,"column":0},"end":{"line":117,"column":37}},"117":{"start":{"line":118,"column":0},"end":{"line":118,"column":45}},"118":{"start":{"line":119,"column":0},"end":{"line":119,"column":39}},"119":{"start":{"line":120,"column":0},"end":{"line":120,"column":35}},"120":{"start":{"line":121,"column":0},"end":{"line":121,"column":37}},"121":{"start":{"line":122,"column":0},"end":{"line":122,"column":35}},"122":{"start":{"line":123,"column":0},"end":{"line":123,"column":41}},"123":{"start":{"line":124,"column":0},"end":{"line":124,"column":53}},"124":{"start":{"line":125,"column":0},"end":{"line":125,"column":37}},"125":{"start":{"line":126,"column":0},"end":{"line":126,"column":33}},"126":{"start":{"line":127,"column":0},"end":{"line":127,"column":15}},"127":{"start":{"line":128,"column":0},"end":{"line":128,"column":47}},"128":{"start":{"line":129,"column":0},"end":{"line":129,"column":3}},"129":{"start":{"line":130,"column":0},"end":{"line":130,"column":0}},"130":{"start":{"line":131,"column":0},"end":{"line":131,"column":6}},"131":{"start":{"line":132,"column":0},"end":{"line":132,"column":25}},"132":{"start":{"line":133,"column":0},"end":{"line":133,"column":15}},"133":{"start":{"line":134,"column":0},"end":{"line":134,"column":17}},"134":{"start":{"line":135,"column":0},"end":{"line":135,"column":34}},"135":{"start":{"line":136,"column":0},"end":{"line":136,"column":25}},"136":{"start":{"line":137,"column":0},"end":{"line":137,"column":5}},"137":{"start":{"line":138,"column":0},"end":{"line":138,"column":3}},"138":{"start":{"line":139,"column":0},"end":{"line":139,"column":2}},"139":{"start":{"line":140,"column":0},"end":{"line":140,"column":0}},"140":{"start":{"line":141,"column":0},"end":{"line":141,"column":31}},"141":{"start":{"line":142,"column":0},"end":{"line":142,"column":42}},"142":{"start":{"line":143,"column":0},"end":{"line":143,"column":25}},"143":{"start":{"line":144,"column":0},"end":{"line":144,"column":29}},"144":{"start":{"line":145,"column":0},"end":{"line":145,"column":11}},"145":{"start":{"line":146,"column":0},"end":{"line":146,"column":3}},"146":{"start":{"line":147,"column":0},"end":{"line":147,"column":0}},"147":{"start":{"line":148,"column":0},"end":{"line":148,"column":7}},"148":{"start":{"line":149,"column":0},"end":{"line":149,"column":74}},"149":{"start":{"line":150,"column":0},"end":{"line":150,"column":39}},"150":{"start":{"line":151,"column":0},"end":{"line":151,"column":0}},"151":{"start":{"line":152,"column":0},"end":{"line":152,"column":20}},"152":{"start":{"line":153,"column":0},"end":{"line":153,"column":31}},"153":{"start":{"line":154,"column":0},"end":{"line":154,"column":13}},"154":{"start":{"line":155,"column":0},"end":{"line":155,"column":5}},"155":{"start":{"line":156,"column":0},"end":{"line":156,"column":0}},"156":{"start":{"line":157,"column":0},"end":{"line":157,"column":34}},"157":{"start":{"line":158,"column":0},"end":{"line":158,"column":36}},"158":{"start":{"line":159,"column":0},"end":{"line":159,"column":32}},"159":{"start":{"line":160,"column":0},"end":{"line":160,"column":22}},"160":{"start":{"line":161,"column":0},"end":{"line":161,"column":28}},"161":{"start":{"line":162,"column":0},"end":{"line":162,"column":19}},"162":{"start":{"line":163,"column":0},"end":{"line":163,"column":48}},"163":{"start":{"line":164,"column":0},"end":{"line":164,"column":29}},"164":{"start":{"line":165,"column":0},"end":{"line":165,"column":3}},"165":{"start":{"line":166,"column":0},"end":{"line":166,"column":1}},"166":{"start":{"line":167,"column":0},"end":{"line":167,"column":0}},"167":{"start":{"line":168,"column":0},"end":{"line":168,"column":25}},"168":{"start":{"line":169,"column":0},"end":{"line":169,"column":6}},"169":{"start":{"line":170,"column":0},"end":{"line":170,"column":17}},"170":{"start":{"line":171,"column":0},"end":{"line":171,"column":21}},"171":{"start":{"line":172,"column":0},"end":{"line":172,"column":18}},"172":{"start":{"line":173,"column":0},"end":{"line":173,"column":16}},"173":{"start":{"line":174,"column":0},"end":{"line":174,"column":17}},"174":{"start":{"line":175,"column":0},"end":{"line":175,"column":16}},"175":{"start":{"line":176,"column":0},"end":{"line":176,"column":19}},"176":{"start":{"line":177,"column":0},"end":{"line":177,"column":25}},"177":{"start":{"line":178,"column":0},"end":{"line":178,"column":17}},"178":{"start":{"line":179,"column":0},"end":{"line":179,"column":15}},"179":{"start":{"line":180,"column":0},"end":{"line":180,"column":47}},"180":{"start":{"line":181,"column":0},"end":{"line":181,"column":5}},"181":{"start":{"line":182,"column":0},"end":{"line":182,"column":51}},"182":{"start":{"line":183,"column":0},"end":{"line":183,"column":11}},"183":{"start":{"line":184,"column":0},"end":{"line":184,"column":3}},"184":{"start":{"line":185,"column":0},"end":{"line":185,"column":0}},"185":{"start":{"line":186,"column":0},"end":{"line":186,"column":28}},"186":{"start":{"line":187,"column":0},"end":{"line":187,"column":1}},"187":{"start":{"line":188,"column":0},"end":{"line":188,"column":9}}},"s":{"0":1,"1":1,"2":1,"3":1,"4":1,"5":1,"6":1,"7":1,"8":1,"9":1,"10":1,"11":1,"12":1,"13":1,"14":1,"15":1,"16":1,"17":1,"18":1,"19":1,"20":1,"21":1,"22":1,"23":1,"24":1,"25":1,"26":1,"27":1,"28":1,"29":1,"30":1,"31":1,"32":1,"33":1,"34":1,"35":1,"36":1,"37":1,"38":1,"39":1,"40":1,"41":1,"42":1,"43":1,"44":1,"45":1,"46":1,"47":1,"48":1,"49":1,"50":1,"51":1,"52":1,"53":1,"54":1,"55":1,"56":1,"57":1,"58":1,"59":1,"60":1,"61":1,"62":1,"63":1,"64":1,"65":1,"66":1,"67":1,"68":1,"69":1,"70":1,"71":1,"72":1,"73":1,"74":1,"75":1,"76":1,"77":1,"78":1,"79":1,"80":1,"81":1,"82":1,"83":1,"84":1,"85":1,"86":1,"87":1,"88":1,"89":1,"90":1,"91":1,"92":1,"93":1,"94":1,"95":1,"96":1,"97":1,"98":1,"99":1,"100":1,"101":1,"102":1,"103":1,"104":1,"105":1,"106":1,"107":1,"108":1,"109":1,"110":1,"111":1,"112":1,"113":1,"114":1,"115":1,"116":1,"117":1,"118":1,"119":1,"120":1,"121":1,"122":1,"123":1,"124":1,"125":1,"126":1,"127":1,"128":1,"129":1,"130":1,"131":1,"132":1,"133":0,"134":0,"135":0,"136":0,"137":0,"138":1,"139":1,"140":2,"141":2,"142":2,"143":1,"144":1,"145":1,"146":1,"147":1,"148":1,"149":1,"150":1,"151":2,"152":0,"153":0,"154":0,"155":1,"156":1,"157":1,"158":1,"159":1,"160":1,"161":2,"162":0,"163":0,"164":0,"165":2,"166":1,"167":2,"168":2,"169":2,"170":1,"171":1,"172":1,"173":1,"174":1,"175":1,"176":1,"177":1,"178":1,"179":1,"180":2,"181":1,"182":1,"183":1,"184":1,"185":1,"186":2,"187":1},"branchMap":{"0":{"type":"branch","line":117,"loc":{"start":{"line":117,"column":14},"end":{"line":117,"column":34}},"locations":[{"start":{"line":117,"column":14},"end":{"line":117,"column":34}}]},"1":{"type":"branch","line":117,"loc":{"start":{"line":117,"column":26},"end":{"line":117,"column":37}},"locations":[{"start":{"line":117,"column":26},"end":{"line":117,"column":37}}]},"2":{"type":"branch","line":118,"loc":{"start":{"line":118,"column":18},"end":{"line":118,"column":42}},"locations":[{"start":{"line":118,"column":18},"end":{"line":118,"column":42}}]},"3":{"type":"branch","line":118,"loc":{"start":{"line":118,"column":30},"end":{"line":118,"column":45}},"locations":[{"start":{"line":118,"column":30},"end":{"line":118,"column":45}}]},"4":{"type":"branch","line":119,"loc":{"start":{"line":119,"column":15},"end":{"line":119,"column":36}},"locations":[{"start":{"line":119,"column":15},"end":{"line":119,"column":36}}]},"5":{"type":"branch","line":119,"loc":{"start":{"line":119,"column":27},"end":{"line":119,"column":39}},"locations":[{"start":{"line":119,"column":27},"end":{"line":119,"column":39}}]},"6":{"type":"branch","line":120,"loc":{"start":{"line":120,"column":13},"end":{"line":120,"column":32}},"locations":[{"start":{"line":120,"column":13},"end":{"line":120,"column":32}}]},"7":{"type":"branch","line":120,"loc":{"start":{"line":120,"column":25},"end":{"line":120,"column":35}},"locations":[{"start":{"line":120,"column":25},"end":{"line":120,"column":35}}]},"8":{"type":"branch","line":121,"loc":{"start":{"line":121,"column":14},"end":{"line":121,"column":34}},"locations":[{"start":{"line":121,"column":14},"end":{"line":121,"column":34}}]},"9":{"type":"branch","line":121,"loc":{"start":{"line":121,"column":26},"end":{"line":121,"column":37}},"locations":[{"start":{"line":121,"column":26},"end":{"line":121,"column":37}}]},"10":{"type":"branch","line":122,"loc":{"start":{"line":122,"column":13},"end":{"line":122,"column":32}},"locations":[{"start":{"line":122,"column":13},"end":{"line":122,"column":32}}]},"11":{"type":"branch","line":122,"loc":{"start":{"line":122,"column":25},"end":{"line":122,"column":35}},"locations":[{"start":{"line":122,"column":25},"end":{"line":122,"column":35}}]},"12":{"type":"branch","line":123,"loc":{"start":{"line":123,"column":16},"end":{"line":123,"column":38}},"locations":[{"start":{"line":123,"column":16},"end":{"line":123,"column":38}}]},"13":{"type":"branch","line":123,"loc":{"start":{"line":123,"column":28},"end":{"line":123,"column":41}},"locations":[{"start":{"line":123,"column":28},"end":{"line":123,"column":41}}]},"14":{"type":"branch","line":124,"loc":{"start":{"line":124,"column":22},"end":{"line":124,"column":50}},"locations":[{"start":{"line":124,"column":22},"end":{"line":124,"column":50}}]},"15":{"type":"branch","line":124,"loc":{"start":{"line":124,"column":34},"end":{"line":124,"column":53}},"locations":[{"start":{"line":124,"column":34},"end":{"line":124,"column":53}}]},"16":{"type":"branch","line":125,"loc":{"start":{"line":125,"column":14},"end":{"line":125,"column":34}},"locations":[{"start":{"line":125,"column":14},"end":{"line":125,"column":34}}]},"17":{"type":"branch","line":125,"loc":{"start":{"line":125,"column":26},"end":{"line":125,"column":37}},"locations":[{"start":{"line":125,"column":26},"end":{"line":125,"column":37}}]},"18":{"type":"branch","line":126,"loc":{"start":{"line":126,"column":12},"end":{"line":126,"column":30}},"locations":[{"start":{"line":126,"column":12},"end":{"line":126,"column":30}}]},"19":{"type":"branch","line":126,"loc":{"start":{"line":126,"column":24},"end":{"line":126,"column":33}},"locations":[{"start":{"line":126,"column":24},"end":{"line":126,"column":33}}]},"20":{"type":"branch","line":128,"loc":{"start":{"line":128,"column":16},"end":{"line":128,"column":38}},"locations":[{"start":{"line":128,"column":16},"end":{"line":128,"column":38}}]},"21":{"type":"branch","line":128,"loc":{"start":{"line":128,"column":28},"end":{"line":128,"column":47}},"locations":[{"start":{"line":128,"column":28},"end":{"line":128,"column":47}}]},"22":{"type":"branch","line":132,"loc":{"start":{"line":132,"column":2},"end":{"line":132,"column":25}},"locations":[{"start":{"line":132,"column":2},"end":{"line":132,"column":25}}]},"23":{"type":"branch","line":141,"loc":{"start":{"line":141,"column":0},"end":{"line":166,"column":1}},"locations":[{"start":{"line":141,"column":0},"end":{"line":166,"column":1}}]},"24":{"type":"branch","line":143,"loc":{"start":{"line":143,"column":24},"end":{"line":152,"column":19}},"locations":[{"start":{"line":143,"column":24},"end":{"line":152,"column":19}}]},"25":{"type":"branch","line":152,"loc":{"start":{"line":152,"column":19},"end":{"line":155,"column":5}},"locations":[{"start":{"line":152,"column":19},"end":{"line":155,"column":5}}]},"26":{"type":"branch","line":155,"loc":{"start":{"line":155,"column":4},"end":{"line":162,"column":11}},"locations":[{"start":{"line":155,"column":4},"end":{"line":162,"column":11}}]},"27":{"type":"branch","line":162,"loc":{"start":{"line":162,"column":2},"end":{"line":165,"column":3}},"locations":[{"start":{"line":162,"column":2},"end":{"line":165,"column":3}}]},"28":{"type":"branch","line":168,"loc":{"start":{"line":168,"column":0},"end":{"line":187,"column":1}},"locations":[{"start":{"line":168,"column":0},"end":{"line":187,"column":1}}]},"29":{"type":"branch","line":170,"loc":{"start":{"line":170,"column":10},"end":{"line":171,"column":21}},"locations":[{"start":{"line":170,"column":10},"end":{"line":171,"column":21}}]},"30":{"type":"branch","line":171,"loc":{"start":{"line":171,"column":10},"end":{"line":172,"column":18}},"locations":[{"start":{"line":171,"column":10},"end":{"line":172,"column":18}}]},"31":{"type":"branch","line":172,"loc":{"start":{"line":172,"column":10},"end":{"line":173,"column":16}},"locations":[{"start":{"line":172,"column":10},"end":{"line":173,"column":16}}]},"32":{"type":"branch","line":173,"loc":{"start":{"line":173,"column":10},"end":{"line":174,"column":17}},"locations":[{"start":{"line":173,"column":10},"end":{"line":174,"column":17}}]},"33":{"type":"branch","line":174,"loc":{"start":{"line":174,"column":10},"end":{"line":175,"column":16}},"locations":[{"start":{"line":174,"column":10},"end":{"line":175,"column":16}}]},"34":{"type":"branch","line":175,"loc":{"start":{"line":175,"column":10},"end":{"line":176,"column":19}},"locations":[{"start":{"line":175,"column":10},"end":{"line":176,"column":19}}]},"35":{"type":"branch","line":176,"loc":{"start":{"line":176,"column":10},"end":{"line":177,"column":25}},"locations":[{"start":{"line":176,"column":10},"end":{"line":177,"column":25}}]},"36":{"type":"branch","line":177,"loc":{"start":{"line":177,"column":10},"end":{"line":178,"column":17}},"locations":[{"start":{"line":177,"column":10},"end":{"line":178,"column":17}}]},"37":{"type":"branch","line":178,"loc":{"start":{"line":178,"column":10},"end":{"line":179,"column":15}},"locations":[{"start":{"line":178,"column":10},"end":{"line":179,"column":15}}]},"38":{"type":"branch","line":179,"loc":{"start":{"line":179,"column":10},"end":{"line":180,"column":47}},"locations":[{"start":{"line":179,"column":10},"end":{"line":180,"column":47}}]},"39":{"type":"branch","line":180,"loc":{"start":{"line":180,"column":11},"end":{"line":180,"column":32}},"locations":[{"start":{"line":180,"column":11},"end":{"line":180,"column":32}}]},"40":{"type":"branch","line":181,"loc":{"start":{"line":181,"column":4},"end":{"line":186,"column":28}},"locations":[{"start":{"line":181,"column":4},"end":{"line":186,"column":28}}]},"41":{"type":"branch","line":5,"loc":{"start":{"line":5,"column":37},"end":{"line":5,"column":43}},"locations":[{"start":{"line":5,"column":37},"end":{"line":5,"column":43}}]},"42":{"type":"branch","line":10,"loc":{"start":{"line":10,"column":41},"end":{"line":10,"column":51}},"locations":[{"start":{"line":10,"column":41},"end":{"line":10,"column":51}}]},"43":{"type":"branch","line":18,"loc":{"start":{"line":18,"column":22},"end":{"line":18,"column":28}},"locations":[{"start":{"line":18,"column":22},"end":{"line":18,"column":28}}]},"44":{"type":"branch","line":28,"loc":{"start":{"line":28,"column":22},"end":{"line":28,"column":26}},"locations":[{"start":{"line":28,"column":22},"end":{"line":28,"column":26}}]},"45":{"type":"branch","line":36,"loc":{"start":{"line":36,"column":37},"end":{"line":36,"column":43}},"locations":[{"start":{"line":36,"column":37},"end":{"line":36,"column":43}}]},"46":{"type":"branch","line":41,"loc":{"start":{"line":41,"column":36},"end":{"line":41,"column":41}},"locations":[{"start":{"line":41,"column":36},"end":{"line":41,"column":41}}]},"47":{"type":"branch","line":48,"loc":{"start":{"line":48,"column":22},"end":{"line":48,"column":29}},"locations":[{"start":{"line":48,"column":22},"end":{"line":48,"column":29}}]},"48":{"type":"branch","line":59,"loc":{"start":{"line":59,"column":22},"end":{"line":59,"column":35}},"locations":[{"start":{"line":59,"column":22},"end":{"line":59,"column":35}}]},"49":{"type":"branch","line":68,"loc":{"start":{"line":68,"column":37},"end":{"line":68,"column":43}},"locations":[{"start":{"line":68,"column":37},"end":{"line":68,"column":43}}]},"50":{"type":"branch","line":75,"loc":{"start":{"line":75,"column":22},"end":{"line":75,"column":25}},"locations":[{"start":{"line":75,"column":22},"end":{"line":75,"column":25}}]},"51":{"type":"branch","line":88,"loc":{"start":{"line":88,"column":22},"end":{"line":88,"column":31}},"locations":[{"start":{"line":88,"column":22},"end":{"line":88,"column":31}}]},"52":{"type":"branch","line":96,"loc":{"start":{"line":96,"column":17},"end":{"line":96,"column":48}},"locations":[{"start":{"line":96,"column":17},"end":{"line":96,"column":48}}]},"53":{"type":"branch","line":5,"loc":{"start":{"line":5,"column":37},"end":{"line":5,"column":43}},"locations":[{"start":{"line":5,"column":37},"end":{"line":5,"column":43}}]},"54":{"type":"branch","line":10,"loc":{"start":{"line":10,"column":41},"end":{"line":10,"column":51}},"locations":[{"start":{"line":10,"column":41},"end":{"line":10,"column":51}}]},"55":{"type":"branch","line":18,"loc":{"start":{"line":18,"column":22},"end":{"line":18,"column":28}},"locations":[{"start":{"line":18,"column":22},"end":{"line":18,"column":28}}]},"56":{"type":"branch","line":28,"loc":{"start":{"line":28,"column":22},"end":{"line":28,"column":26}},"locations":[{"start":{"line":28,"column":22},"end":{"line":28,"column":26}}]},"57":{"type":"branch","line":36,"loc":{"start":{"line":36,"column":37},"end":{"line":36,"column":43}},"locations":[{"start":{"line":36,"column":37},"end":{"line":36,"column":43}}]},"58":{"type":"branch","line":41,"loc":{"start":{"line":41,"column":36},"end":{"line":41,"column":41}},"locations":[{"start":{"line":41,"column":36},"end":{"line":41,"column":41}}]},"59":{"type":"branch","line":48,"loc":{"start":{"line":48,"column":22},"end":{"line":48,"column":29}},"locations":[{"start":{"line":48,"column":22},"end":{"line":48,"column":29}}]},"60":{"type":"branch","line":59,"loc":{"start":{"line":59,"column":22},"end":{"line":59,"column":35}},"locations":[{"start":{"line":59,"column":22},"end":{"line":59,"column":35}}]},"61":{"type":"branch","line":68,"loc":{"start":{"line":68,"column":37},"end":{"line":68,"column":43}},"locations":[{"start":{"line":68,"column":37},"end":{"line":68,"column":43}}]},"62":{"type":"branch","line":75,"loc":{"start":{"line":75,"column":22},"end":{"line":75,"column":25}},"locations":[{"start":{"line":75,"column":22},"end":{"line":75,"column":25}}]},"63":{"type":"branch","line":88,"loc":{"start":{"line":88,"column":22},"end":{"line":88,"column":31}},"locations":[{"start":{"line":88,"column":22},"end":{"line":88,"column":31}}]},"64":{"type":"branch","line":102,"loc":{"start":{"line":102,"column":44},"end":{"line":102,"column":59}},"locations":[{"start":{"line":102,"column":44},"end":{"line":102,"column":59}}]}},"b":{"0":[2],"1":[6],"2":[2],"3":[6],"4":[2],"5":[6],"6":[2],"7":[6],"8":[2],"9":[6],"10":[2],"11":[6],"12":[2],"13":[6],"14":[2],"15":[6],"16":[2],"17":[6],"18":[2],"19":[6],"20":[2],"21":[6],"22":[8],"23":[2],"24":[1],"25":[0],"26":[1],"27":[0],"28":[2],"29":[1],"30":[1],"31":[1],"32":[1],"33":[1],"34":[1],"35":[1],"36":[1],"37":[1],"38":[1],"39":[0],"40":[1],"41":[8],"42":[8],"43":[8],"44":[8],"45":[8],"46":[8],"47":[8],"48":[8],"49":[8],"50":[8],"51":[8],"52":[8],"53":[1],"54":[1],"55":[1],"56":[1],"57":[1],"58":[3],"59":[1],"60":[1],"61":[1],"62":[1],"63":[1],"64":[8]},"fnMap":{"0":{"name":"fetchAddress","decl":{"start":{"line":141,"column":0},"end":{"line":166,"column":1}},"loc":{"start":{"line":141,"column":0},"end":{"line":166,"column":1}},"line":141},"1":{"name":"handleSubmit","decl":{"start":{"line":168,"column":0},"end":{"line":187,"column":1}},"loc":{"start":{"line":168,"column":0},"end":{"line":187,"column":1}},"line":168},"2":{"name":"__vite_ssr_import_4__.createElementBlock.__vite_ssr_import_4__.createElementVNode.__vite_ssr_import_4__.createVNode.onUpdate:modelValue._cache.<computed>._cache.<computed>","decl":{"start":{"line":5,"column":37},"end":{"line":5,"column":43}},"loc":{"start":{"line":5,"column":37},"end":{"line":5,"column":43}},"line":5},"3":{"name":"__vite_ssr_import_4__.createElementBlock.__vite_ssr_import_4__.createElementVNode.__vite_ssr_import_4__.createVNode.onUpdate:modelValue._cache.<computed>._cache.<computed>","decl":{"start":{"line":10,"column":41},"end":{"line":10,"column":51}},"loc":{"start":{"line":10,"column":41},"end":{"line":10,"column":51}},"line":10},"4":{"name":"__vite_ssr_import_4__.createElementBlock.__vite_ssr_import_4__.createElementVNode.__vite_ssr_import_4__.createVNode.onUpdate:modelValue._cache.<computed>._cache.<computed>","decl":{"start":{"line":18,"column":22},"end":{"line":18,"column":28}},"loc":{"start":{"line":18,"column":22},"end":{"line":18,"column":28}},"line":18},"5":{"name":"__vite_ssr_import_4__.createElementBlock.__vite_ssr_import_4__.createElementVNode.__vite_ssr_import_4__.createVNode.onUpdate:modelValue._cache.<computed>._cache.<computed>","decl":{"start":{"line":28,"column":22},"end":{"line":28,"column":26}},"loc":{"start":{"line":28,"column":22},"end":{"line":28,"column":26}},"line":28},"6":{"name":"__vite_ssr_import_4__.createElementBlock.__vite_ssr_import_4__.createElementVNode.__vite_ssr_import_4__.createVNode.onUpdate:modelValue._cache.<computed>._cache.<computed>","decl":{"start":{"line":36,"column":37},"end":{"line":36,"column":43}},"loc":{"start":{"line":36,"column":37},"end":{"line":36,"column":43}},"line":36},"7":{"name":"__vite_ssr_import_4__.createElementBlock.__vite_ssr_import_4__.createElementVNode.__vite_ssr_import_4__.createVNode.onUpdate:modelValue._cache.<computed>._cache.<computed>","decl":{"start":{"line":41,"column":36},"end":{"line":41,"column":41}},"loc":{"start":{"line":41,"column":36},"end":{"line":41,"column":41}},"line":41},"8":{"name":"__vite_ssr_import_4__.createElementBlock.__vite_ssr_import_4__.createElementVNode.__vite_ssr_import_4__.createVNode.onUpdate:modelValue._cache.<computed>._cache.<computed>","decl":{"start":{"line":48,"column":22},"end":{"line":48,"column":29}},"loc":{"start":{"line":48,"column":22},"end":{"line":48,"column":29}},"line":48},"9":{"name":"__vite_ssr_import_4__.createElementBlock.__vite_ssr_import_4__.createElementVNode.__vite_ssr_import_4__.createVNode.onUpdate:modelValue._cache.<computed>._cache.<computed>","decl":{"start":{"line":59,"column":22},"end":{"line":59,"column":35}},"loc":{"start":{"line":59,"column":22},"end":{"line":59,"column":35}},"line":59},"10":{"name":"__vite_ssr_import_4__.createElementBlock.__vite_ssr_import_4__.createElementVNode.__vite_ssr_import_4__.createVNode.onUpdate:modelValue._cache.<computed>._cache.<computed>","decl":{"start":{"line":68,"column":37},"end":{"line":68,"column":43}},"loc":{"start":{"line":68,"column":37},"end":{"line":68,"column":43}},"line":68},"11":{"name":"__vite_ssr_import_4__.createElementBlock.__vite_ssr_import_4__.createElementVNode.__vite_ssr_import_4__.createVNode.onUpdate:modelValue._cache.<computed>._cache.<computed>","decl":{"start":{"line":75,"column":22},"end":{"line":75,"column":25}},"loc":{"start":{"line":75,"column":22},"end":{"line":75,"column":25}},"line":75},"12":{"name":"__vite_ssr_import_4__.createElementBlock.__vite_ssr_import_4__.createElementVNode.__vite_ssr_import_4__.createVNode.onUpdate:modelValue._cache.<computed>._cache.<computed>","decl":{"start":{"line":88,"column":22},"end":{"line":88,"column":31}},"loc":{"start":{"line":88,"column":22},"end":{"line":88,"column":31}},"line":88},"13":{"name":"__vite_ssr_import_4__.createElementBlock.__vite_ssr_import_4__.createElementVNode.__vite_ssr_import_4__.withDirectives.__vite_ssr_import_4__.createElementVNode.onUpdate:modelValue._cache.<computed>._cache.<computed>","decl":{"start":{"line":96,"column":17},"end":{"line":96,"column":48}},"loc":{"start":{"line":96,"column":17},"end":{"line":96,"column":48}},"line":96}},"f":{"0":2,"1":2,"2":1,"3":1,"4":1,"5":1,"6":1,"7":3,"8":1,"9":1,"10":1,"11":1,"12":1,"13":0}}
,"/home/eusouanderson/Projetos/Challenge_Comerc/frontend/src/components/molecules/MovieList.vue": {"path":"/home/eusouanderson/Projetos/Challenge_Comerc/frontend/src/components/molecules/MovieList.vue","all":false,"statementMap":{"0":{"start":{"line":1,"column":0},"end":{"line":1,"column":10}},"1":{"start":{"line":2,"column":0},"end":{"line":2,"column":6}},"2":{"start":{"line":3,"column":0},"end":{"line":3,"column":128}},"3":{"start":{"line":4,"column":0},"end":{"line":4,"column":3}},"4":{"start":{"line":5,"column":0},"end":{"line":5,"column":17}},"5":{"start":{"line":6,"column":0},"end":{"line":6,"column":8}},"6":{"start":{"line":7,"column":0},"end":{"line":7,"column":11}},"7":{"start":{"line":8,"column":0},"end":{"line":8,"column":0}},"8":{"start":{"line":9,"column":0},"end":{"line":9,"column":18}},"9":{"start":{"line":10,"column":0},"end":{"line":10,"column":38}},"10":{"start":{"line":11,"column":0},"end":{"line":11,"column":0}},"11":{"start":{"line":12,"column":0},"end":{"line":12,"column":32}},"12":{"start":{"line":13,"column":0},"end":{"line":13,"column":20}},"13":{"start":{"line":14,"column":0},"end":{"line":14,"column":3}},"14":{"start":{"line":15,"column":0},"end":{"line":15,"column":9}}},"s":{"0":1,"1":1,"2":1,"3":1,"4":1,"5":1,"6":1,"7":1,"8":1,"9":1,"10":1,"11":1,"12":1,"13":1,"14":1},"branchMap":{},"b":{},"fnMap":{},"f":{}}
,"/home/eusouanderson/Projetos/Challenge_Comerc/frontend/src/components/molecules/UserForm.vue": {"path":"/home/eusouanderson/Projetos/Challenge_Comerc/frontend/src/components/molecules/UserForm.vue","all":false,"statementMap":{"0":{"start":{"line":1,"column":0},"end":{"line":1,"column":10}},"1":{"start":{"line":2,"column":0},"end":{"line":2,"column":57}},"2":{"start":{"line":3,"column":0},"end":{"line":3,"column":9}},"3":{"start":{"line":4,"column":0},"end":{"line":4,"column":58}},"4":{"start":{"line":5,"column":0},"end":{"line":5,"column":63}},"5":{"start":{"line":6,"column":0},"end":{"line":6,"column":10}},"6":{"start":{"line":7,"column":0},"end":{"line":7,"column":0}},"7":{"start":{"line":8,"column":0},"end":{"line":8,"column":9}},"8":{"start":{"line":9,"column":0},"end":{"line":9,"column":60}},"9":{"start":{"line":10,"column":0},"end":{"line":10,"column":92}},"10":{"start":{"line":11,"column":0},"end":{"line":11,"column":10}},"11":{"start":{"line":12,"column":0},"end":{"line":12,"column":0}},"12":{"start":{"line":13,"column":0},"end":{"line":13,"column":9}},"13":{"start":{"line":14,"column":0},"end":{"line":14,"column":63}},"14":{"start":{"line":15,"column":0},"end":{"line":15,"column":63}},"15":{"start":{"line":16,"column":0},"end":{"line":16,"column":10}},"16":{"start":{"line":17,"column":0},"end":{"line":17,"column":0}},"17":{"start":{"line":18,"column":0},"end":{"line":18,"column":9}},"18":{"start":{"line":19,"column":0},"end":{"line":19,"column":59}},"19":{"start":{"line":20,"column":0},"end":{"line":20,"column":12}},"20":{"start":{"line":21,"column":0},"end":{"line":21,"column":23}},"21":{"start":{"line":22,"column":0},"end":{"line":22,"column":31}},"22":{"start":{"line":23,"column":0},"end":{"line":23,"column":27}},"23":{"start":{"line":24,"column":0},"end":{"line":24,"column":37}},"24":{"start":{"line":25,"column":0},"end":{"line":25,"column":8}},"25":{"start":{"line":26,"column":0},"end":{"line":26,"column":10}},"26":{"start":{"line":27,"column":0},"end":{"line":27,"column":0}},"27":{"start":{"line":28,"column":0},"end":{"line":28,"column":9}},"28":{"start":{"line":29,"column":0},"end":{"line":29,"column":60}},"29":{"start":{"line":30,"column":0},"end":{"line":30,"column":70}},"30":{"start":{"line":31,"column":0},"end":{"line":31,"column":45}},"31":{"start":{"line":32,"column":0},"end":{"line":32,"column":49}},"32":{"start":{"line":33,"column":0},"end":{"line":33,"column":15}},"33":{"start":{"line":34,"column":0},"end":{"line":34,"column":10}},"34":{"start":{"line":35,"column":0},"end":{"line":35,"column":0}},"35":{"start":{"line":36,"column":0},"end":{"line":36,"column":59}},"36":{"start":{"line":37,"column":0},"end":{"line":37,"column":9}},"37":{"start":{"line":38,"column":0},"end":{"line":38,"column":11}},"38":{"start":{"line":39,"column":0},"end":{"line":39,"column":0}},"39":{"start":{"line":40,"column":0},"end":{"line":40,"column":24}},"40":{"start":{"line":41,"column":0},"end":{"line":41,"column":31}},"41":{"start":{"line":42,"column":0},"end":{"line":42,"column":49}},"42":{"start":{"line":43,"column":0},"end":{"line":43,"column":51}},"43":{"start":{"line":44,"column":0},"end":{"line":44,"column":0}},"44":{"start":{"line":45,"column":0},"end":{"line":45,"column":49}},"45":{"start":{"line":46,"column":0},"end":{"line":46,"column":35}},"46":{"start":{"line":47,"column":0},"end":{"line":47,"column":0}},"47":{"start":{"line":48,"column":0},"end":{"line":48,"column":23}},"48":{"start":{"line":49,"column":0},"end":{"line":49,"column":37}},"49":{"start":{"line":50,"column":0},"end":{"line":50,"column":39}},"50":{"start":{"line":51,"column":0},"end":{"line":51,"column":45}},"51":{"start":{"line":52,"column":0},"end":{"line":52,"column":15}},"52":{"start":{"line":53,"column":0},"end":{"line":53,"column":47}},"53":{"start":{"line":54,"column":0},"end":{"line":54,"column":3}},"54":{"start":{"line":55,"column":0},"end":{"line":55,"column":0}},"55":{"start":{"line":56,"column":0},"end":{"line":56,"column":25}},"56":{"start":{"line":57,"column":0},"end":{"line":57,"column":99}},"57":{"start":{"line":58,"column":0},"end":{"line":58,"column":51}},"58":{"start":{"line":59,"column":0},"end":{"line":59,"column":11}},"59":{"start":{"line":60,"column":0},"end":{"line":60,"column":3}},"60":{"start":{"line":61,"column":0},"end":{"line":61,"column":0}},"61":{"start":{"line":62,"column":0},"end":{"line":62,"column":28}},"62":{"start":{"line":63,"column":0},"end":{"line":63,"column":1}},"63":{"start":{"line":64,"column":0},"end":{"line":64,"column":9}}},"s":{"0":1,"1":1,"2":1,"3":1,"4":1,"5":1,"6":1,"7":1,"8":1,"9":1,"10":1,"11":1,"12":1,"13":1,"14":1,"15":1,"16":1,"17":1,"18":1,"19":1,"20":1,"21":1,"22":1,"23":1,"24":1,"25":1,"26":1,"27":1,"28":1,"29":1,"30":1,"31":1,"32":1,"33":1,"34":1,"35":1,"36":1,"37":1,"38":1,"39":1,"40":1,"41":1,"42":1,"43":1,"44":1,"45":1,"46":1,"47":1,"48":1,"49":1,"50":1,"51":1,"52":1,"53":1,"54":1,"55":1,"56":1,"57":1,"58":1,"59":1,"60":0,"61":0,"62":1,"63":1},"branchMap":{"0":{"type":"branch","line":49,"loc":{"start":{"line":49,"column":14},"end":{"line":49,"column":34}},"locations":[{"start":{"line":49,"column":14},"end":{"line":49,"column":34}}]},"1":{"type":"branch","line":50,"loc":{"start":{"line":50,"column":15},"end":{"line":50,"column":36}},"locations":[{"start":{"line":50,"column":15},"end":{"line":50,"column":36}}]},"2":{"type":"branch","line":51,"loc":{"start":{"line":51,"column":18},"end":{"line":51,"column":42}},"locations":[{"start":{"line":51,"column":18},"end":{"line":51,"column":42}}]},"3":{"type":"branch","line":53,"loc":{"start":{"line":53,"column":16},"end":{"line":53,"column":38}},"locations":[{"start":{"line":53,"column":16},"end":{"line":53,"column":38}}]},"4":{"type":"branch","line":56,"loc":{"start":{"line":56,"column":0},"end":{"line":63,"column":1}},"locations":[{"start":{"line":56,"column":0},"end":{"line":63,"column":1}}]},"5":{"type":"branch","line":57,"loc":{"start":{"line":57,"column":12},"end":{"line":57,"column":35}},"locations":[{"start":{"line":57,"column":12},"end":{"line":57,"column":35}}]},"6":{"type":"branch","line":57,"loc":{"start":{"line":57,"column":26},"end":{"line":57,"column":54}},"locations":[{"start":{"line":57,"column":26},"end":{"line":57,"column":54}}]},"7":{"type":"branch","line":57,"loc":{"start":{"line":57,"column":41},"end":{"line":57,"column":98}},"locations":[{"start":{"line":57,"column":41},"end":{"line":57,"column":98}}]},"8":{"type":"branch","line":60,"loc":{"start":{"line":60,"column":2},"end":{"line":62,"column":28}},"locations":[{"start":{"line":60,"column":2},"end":{"line":62,"column":28}}]},"9":{"type":"branch","line":5,"loc":{"start":{"line":5,"column":27},"end":{"line":5,"column":33}},"locations":[{"start":{"line":5,"column":27},"end":{"line":5,"column":33}}]},"10":{"type":"branch","line":10,"loc":{"start":{"line":10,"column":40},"end":{"line":10,"column":47}},"locations":[{"start":{"line":10,"column":40},"end":{"line":10,"column":47}}]},"11":{"type":"branch","line":15,"loc":{"start":{"line":15,"column":27},"end":{"line":15,"column":37}},"locations":[{"start":{"line":15,"column":27},"end":{"line":15,"column":37}}]},"12":{"type":"branch","line":22,"loc":{"start":{"line":22,"column":22},"end":{"line":22,"column":31}},"locations":[{"start":{"line":22,"column":22},"end":{"line":22,"column":31}}]}},"b":{"0":[0],"1":[0],"2":[0],"3":[0],"4":[1],"5":[0],"6":[0],"7":[0],"8":[0],"9":[3],"10":[3],"11":[3],"12":[3]},"fnMap":{"0":{"name":"handleSubmit","decl":{"start":{"line":56,"column":0},"end":{"line":63,"column":1}},"loc":{"start":{"line":56,"column":0},"end":{"line":63,"column":1}},"line":56},"1":{"name":"__vite_ssr_import_4__.createElementBlock.__vite_ssr_import_4__.createElementVNode.__vite_ssr_import_4__.createVNode.onUpdate:modelValue._cache.<computed>._cache.<computed>","decl":{"start":{"line":5,"column":27},"end":{"line":5,"column":33}},"loc":{"start":{"line":5,"column":27},"end":{"line":5,"column":33}},"line":5},"2":{"name":"__vite_ssr_import_4__.createElementBlock.__vite_ssr_import_4__.createElementVNode.__vite_ssr_import_4__.createVNode.onUpdate:modelValue._cache.<computed>._cache.<computed>","decl":{"start":{"line":10,"column":40},"end":{"line":10,"column":47}},"loc":{"start":{"line":10,"column":40},"end":{"line":10,"column":47}},"line":10},"3":{"name":"__vite_ssr_import_4__.createElementBlock.__vite_ssr_import_4__.createElementVNode.__vite_ssr_import_4__.createVNode.onUpdate:modelValue._cache.<computed>._cache.<computed>","decl":{"start":{"line":15,"column":27},"end":{"line":15,"column":37}},"loc":{"start":{"line":15,"column":27},"end":{"line":15,"column":37}},"line":15},"4":{"name":"__vite_ssr_import_4__.createElementBlock.__vite_ssr_import_4__.createElementVNode.__vite_ssr_import_4__.createVNode.onUpdate:modelValue._cache.<computed>._cache.<computed>","decl":{"start":{"line":22,"column":22},"end":{"line":22,"column":31}},"loc":{"start":{"line":22,"column":22},"end":{"line":22,"column":31}},"line":22}},"f":{"0":1,"1":0,"2":0,"3":0,"4":0}}
,"/home/eusouanderson/Projetos/Challenge_Comerc/frontend/src/components/organisms/ClientList.vue": {"path":"/home/eusouanderson/Projetos/Challenge_Comerc/frontend/src/components/organisms/ClientList.vue","all":false,"statementMap":{"0":{"start":{"line":1,"column":0},"end":{"line":1,"column":10}},"1":{"start":{"line":2,"column":0},"end":{"line":2,"column":7}},"2":{"start":{"line":3,"column":0},"end":{"line":3,"column":27}},"3":{"start":{"line":4,"column":0},"end":{"line":4,"column":69}},"4":{"start":{"line":5,"column":0},"end":{"line":5,"column":69}},"5":{"start":{"line":6,"column":0},"end":{"line":6,"column":39}},"6":{"start":{"line":7,"column":0},"end":{"line":7,"column":46}},"7":{"start":{"line":8,"column":0},"end":{"line":8,"column":50}},"8":{"start":{"line":9,"column":0},"end":{"line":9,"column":15}},"9":{"start":{"line":10,"column":0},"end":{"line":10,"column":10}},"10":{"start":{"line":11,"column":0},"end":{"line":11,"column":0}},"11":{"start":{"line":12,"column":0},"end":{"line":12,"column":76}},"12":{"start":{"line":13,"column":0},"end":{"line":13,"column":13}},"13":{"start":{"line":14,"column":0},"end":{"line":14,"column":32}},"14":{"start":{"line":15,"column":0},"end":{"line":15,"column":58}},"15":{"start":{"line":16,"column":0},"end":{"line":16,"column":57}},"16":{"start":{"line":17,"column":0},"end":{"line":17,"column":60}},"17":{"start":{"line":18,"column":0},"end":{"line":18,"column":59}},"18":{"start":{"line":19,"column":0},"end":{"line":19,"column":13}},"19":{"start":{"line":20,"column":0},"end":{"line":20,"column":14}},"20":{"start":{"line":21,"column":0},"end":{"line":21,"column":13}},"21":{"start":{"line":22,"column":0},"end":{"line":22,"column":88}},"22":{"start":{"line":23,"column":0},"end":{"line":23,"column":93}},"23":{"start":{"line":24,"column":0},"end":{"line":24,"column":70}},"24":{"start":{"line":25,"column":0},"end":{"line":25,"column":49}},"25":{"start":{"line":26,"column":0},"end":{"line":26,"column":66}},"26":{"start":{"line":27,"column":0},"end":{"line":27,"column":15}},"27":{"start":{"line":28,"column":0},"end":{"line":28,"column":59}},"28":{"start":{"line":29,"column":0},"end":{"line":29,"column":89}},"29":{"start":{"line":30,"column":0},"end":{"line":30,"column":20}},"30":{"start":{"line":31,"column":0},"end":{"line":31,"column":21}},"31":{"start":{"line":32,"column":0},"end":{"line":32,"column":94}},"32":{"start":{"line":33,"column":0},"end":{"line":33,"column":23}},"33":{"start":{"line":34,"column":0},"end":{"line":34,"column":21}},"34":{"start":{"line":35,"column":0},"end":{"line":35,"column":15}},"35":{"start":{"line":36,"column":0},"end":{"line":36,"column":13}},"36":{"start":{"line":37,"column":0},"end":{"line":37,"column":48}},"37":{"start":{"line":38,"column":0},"end":{"line":38,"column":94}},"38":{"start":{"line":39,"column":0},"end":{"line":39,"column":13}},"39":{"start":{"line":40,"column":0},"end":{"line":40,"column":14}},"40":{"start":{"line":41,"column":0},"end":{"line":41,"column":12}},"41":{"start":{"line":42,"column":0},"end":{"line":42,"column":8}},"42":{"start":{"line":43,"column":0},"end":{"line":43,"column":11}},"43":{"start":{"line":44,"column":0},"end":{"line":44,"column":0}},"44":{"start":{"line":45,"column":0},"end":{"line":45,"column":24}},"45":{"start":{"line":46,"column":0},"end":{"line":46,"column":36}},"46":{"start":{"line":47,"column":0},"end":{"line":47,"column":49}},"47":{"start":{"line":48,"column":0},"end":{"line":48,"column":0}},"48":{"start":{"line":49,"column":0},"end":{"line":49,"column":53}},"49":{"start":{"line":50,"column":0},"end":{"line":50,"column":49}},"50":{"start":{"line":51,"column":0},"end":{"line":51,"column":0}},"51":{"start":{"line":52,"column":0},"end":{"line":52,"column":23}},"52":{"start":{"line":53,"column":0},"end":{"line":53,"column":29}},"53":{"start":{"line":54,"column":0},"end":{"line":54,"column":0}},"54":{"start":{"line":55,"column":0},"end":{"line":55,"column":40}},"55":{"start":{"line":56,"column":0},"end":{"line":56,"column":43}},"56":{"start":{"line":57,"column":0},"end":{"line":57,"column":69}},"57":{"start":{"line":58,"column":0},"end":{"line":58,"column":48}},"58":{"start":{"line":59,"column":0},"end":{"line":59,"column":23}},"59":{"start":{"line":60,"column":0},"end":{"line":60,"column":92}},"60":{"start":{"line":61,"column":0},"end":{"line":61,"column":0}},"61":{"start":{"line":62,"column":0},"end":{"line":62,"column":89}},"62":{"start":{"line":63,"column":0},"end":{"line":63,"column":0}},"63":{"start":{"line":64,"column":0},"end":{"line":64,"column":38}},"64":{"start":{"line":65,"column":0},"end":{"line":65,"column":5}},"65":{"start":{"line":66,"column":0},"end":{"line":66,"column":3}},"66":{"start":{"line":67,"column":0},"end":{"line":67,"column":9}}},"s":{"0":1,"1":1,"2":1,"3":1,"4":1,"5":1,"6":1,"7":1,"8":1,"9":1,"10":1,"11":1,"12":1,"13":1,"14":1,"15":1,"16":1,"17":1,"18":1,"19":1,"20":1,"21":1,"22":1,"23":1,"24":1,"25":1,"26":1,"27":1,"28":1,"29":1,"30":1,"31":1,"32":1,"33":1,"34":1,"35":1,"36":1,"37":1,"38":1,"39":1,"40":1,"41":1,"42":1,"43":1,"44":1,"45":1,"46":1,"47":1,"48":1,"49":1,"50":1,"51":1,"52":1,"53":1,"54":1,"55":13,"56":36,"57":36,"58":36,"59":36,"60":36,"61":36,"62":36,"63":36,"64":13,"65":1,"66":1},"branchMap":{"0":{"type":"branch","line":55,"loc":{"start":{"line":55,"column":33},"end":{"line":66,"column":1}},"locations":[{"start":{"line":55,"column":33},"end":{"line":66,"column":1}}]},"1":{"type":"branch","line":56,"loc":{"start":{"line":56,"column":30},"end":{"line":65,"column":3}},"locations":[{"start":{"line":56,"column":30},"end":{"line":65,"column":3}}]},"2":{"type":"branch","line":58,"loc":{"start":{"line":58,"column":40},"end":{"line":58,"column":48}},"locations":[{"start":{"line":58,"column":40},"end":{"line":58,"column":48}}]},"3":{"type":"branch","line":60,"loc":{"start":{"line":60,"column":46},"end":{"line":60,"column":92}},"locations":[{"start":{"line":60,"column":46},"end":{"line":60,"column":92}}]},"4":{"type":"branch","line":62,"loc":{"start":{"line":62,"column":37},"end":{"line":62,"column":84}},"locations":[{"start":{"line":62,"column":37},"end":{"line":62,"column":84}}]},"5":{"type":"branch","line":62,"loc":{"start":{"line":62,"column":76},"end":{"line":62,"column":89}},"locations":[{"start":{"line":62,"column":76},"end":{"line":62,"column":89}}]},"6":{"type":"branch","line":64,"loc":{"start":{"line":64,"column":11},"end":{"line":64,"column":38}},"locations":[{"start":{"line":64,"column":11},"end":{"line":64,"column":38}}]},"7":{"type":"branch","line":4,"loc":{"start":{"line":4,"column":22},"end":{"line":4,"column":30}},"locations":[{"start":{"line":4,"column":22},"end":{"line":4,"column":30}}]},"8":{"type":"branch","line":37,"loc":{"start":{"line":37,"column":40},"end":{"line":38,"column":94}},"locations":[{"start":{"line":37,"column":40},"end":{"line":38,"column":94}}]},"9":{"type":"branch","line":38,"loc":{"start":{"line":38,"column":89},"end":{"line":38,"column":94}},"locations":[{"start":{"line":38,"column":89},"end":{"line":38,"column":94}}]},"10":{"type":"branch","line":4,"loc":{"start":{"line":4,"column":22},"end":{"line":4,"column":30}},"locations":[{"start":{"line":4,"column":22},"end":{"line":4,"column":30}}]},"11":{"type":"branch","line":26,"loc":{"start":{"line":26,"column":28},"end":{"line":26,"column":66}},"locations":[{"start":{"line":26,"column":28},"end":{"line":26,"column":66}}]},"12":{"type":"branch","line":26,"loc":{"start":{"line":26,"column":28},"end":{"line":26,"column":66}},"locations":[{"start":{"line":26,"column":28},"end":{"line":26,"column":66}}]}},"b":{"0":[13],"1":[36],"2":[0],"3":[6],"4":[3],"5":[33],"6":[32],"7":[9],"8":[1],"9":[12],"10":[3],"11":[23],"12":[8]},"fnMap":{"0":{"name":"__vite_ssr_import_3__.createElementBlock.__vite_ssr_import_3__.createElementVNode.__vite_ssr_import_3__.createVNode.onUpdate:modelValue._cache.<computed>._cache.<computed>","decl":{"start":{"line":4,"column":22},"end":{"line":4,"column":30}},"loc":{"start":{"line":4,"column":22},"end":{"line":4,"column":30}},"line":4}},"f":{"0":3}}
,"/home/eusouanderson/Projetos/Challenge_Comerc/frontend/src/components/organisms/MovieSearch.vue": {"path":"/home/eusouanderson/Projetos/Challenge_Comerc/frontend/src/components/organisms/MovieSearch.vue","all":false,"statementMap":{"0":{"start":{"line":1,"column":0},"end":{"line":1,"column":10}},"1":{"start":{"line":2,"column":0},"end":{"line":2,"column":80}},"2":{"start":{"line":3,"column":0},"end":{"line":3,"column":81}},"3":{"start":{"line":4,"column":0},"end":{"line":4,"column":10}},"4":{"start":{"line":5,"column":0},"end":{"line":5,"column":42}},"5":{"start":{"line":6,"column":0},"end":{"line":6,"column":53}},"6":{"start":{"line":7,"column":0},"end":{"line":7,"column":19}},"7":{"start":{"line":8,"column":0},"end":{"line":8,"column":27}},"8":{"start":{"line":9,"column":0},"end":{"line":9,"column":29}},"9":{"start":{"line":10,"column":0},"end":{"line":10,"column":7}},"10":{"start":{"line":11,"column":0},"end":{"line":11,"column":13}},"11":{"start":{"line":12,"column":0},"end":{"line":12,"column":32}},"12":{"start":{"line":13,"column":0},"end":{"line":13,"column":33}},"13":{"start":{"line":14,"column":0},"end":{"line":14,"column":26}},"14":{"start":{"line":15,"column":0},"end":{"line":15,"column":57}},"15":{"start":{"line":16,"column":0},"end":{"line":16,"column":10}},"16":{"start":{"line":17,"column":0},"end":{"line":17,"column":12}},"17":{"start":{"line":18,"column":0},"end":{"line":18,"column":19}},"18":{"start":{"line":19,"column":0},"end":{"line":19,"column":9}},"19":{"start":{"line":20,"column":0},"end":{"line":20,"column":0}},"20":{"start":{"line":21,"column":0},"end":{"line":21,"column":49}},"21":{"start":{"line":22,"column":0},"end":{"line":22,"column":12}},"22":{"start":{"line":23,"column":0},"end":{"line":23,"column":27}},"23":{"start":{"line":24,"column":0},"end":{"line":24,"column":86}},"24":{"start":{"line":25,"column":0},"end":{"line":25,"column":42}},"25":{"start":{"line":26,"column":0},"end":{"line":26,"column":199}},"26":{"start":{"line":27,"column":0},"end":{"line":27,"column":38}},"27":{"start":{"line":28,"column":0},"end":{"line":28,"column":8}},"28":{"start":{"line":29,"column":0},"end":{"line":29,"column":0}},"29":{"start":{"line":30,"column":0},"end":{"line":30,"column":13}},"30":{"start":{"line":31,"column":0},"end":{"line":31,"column":32}},"31":{"start":{"line":32,"column":0},"end":{"line":32,"column":143}},"32":{"start":{"line":33,"column":0},"end":{"line":33,"column":7}},"33":{"start":{"line":34,"column":0},"end":{"line":34,"column":12}},"34":{"start":{"line":35,"column":0},"end":{"line":35,"column":44}},"35":{"start":{"line":36,"column":0},"end":{"line":36,"column":25}},"36":{"start":{"line":37,"column":0},"end":{"line":37,"column":21}},"37":{"start":{"line":38,"column":0},"end":{"line":38,"column":29}},"38":{"start":{"line":39,"column":0},"end":{"line":39,"column":31}},"39":{"start":{"line":40,"column":0},"end":{"line":40,"column":9}},"40":{"start":{"line":41,"column":0},"end":{"line":41,"column":15}},"41":{"start":{"line":42,"column":0},"end":{"line":42,"column":34}},"42":{"start":{"line":43,"column":0},"end":{"line":43,"column":35}},"43":{"start":{"line":44,"column":0},"end":{"line":44,"column":28}},"44":{"start":{"line":45,"column":0},"end":{"line":45,"column":59}},"45":{"start":{"line":46,"column":0},"end":{"line":46,"column":12}},"46":{"start":{"line":47,"column":0},"end":{"line":47,"column":14}},"47":{"start":{"line":48,"column":0},"end":{"line":48,"column":14}},"48":{"start":{"line":49,"column":0},"end":{"line":49,"column":15}},"49":{"start":{"line":50,"column":0},"end":{"line":50,"column":10}},"50":{"start":{"line":51,"column":0},"end":{"line":51,"column":8}},"51":{"start":{"line":52,"column":0},"end":{"line":52,"column":11}},"52":{"start":{"line":53,"column":0},"end":{"line":53,"column":0}},"53":{"start":{"line":54,"column":0},"end":{"line":54,"column":18}},"54":{"start":{"line":55,"column":0},"end":{"line":55,"column":38}},"55":{"start":{"line":56,"column":0},"end":{"line":56,"column":0}},"56":{"start":{"line":57,"column":0},"end":{"line":57,"column":32}},"57":{"start":{"line":58,"column":0},"end":{"line":58,"column":22}},"58":{"start":{"line":59,"column":0},"end":{"line":59,"column":10}},"59":{"start":{"line":60,"column":0},"end":{"line":60,"column":49}},"60":{"start":{"line":61,"column":0},"end":{"line":61,"column":4}},"61":{"start":{"line":62,"column":0},"end":{"line":62,"column":41}},"62":{"start":{"line":63,"column":0},"end":{"line":63,"column":3}},"63":{"start":{"line":64,"column":0},"end":{"line":64,"column":9}}},"s":{"0":1,"1":1,"2":1,"3":1,"4":1,"5":1,"6":1,"7":1,"8":1,"9":1,"10":1,"11":1,"12":1,"13":1,"14":1,"15":1,"16":1,"17":1,"18":1,"19":1,"20":1,"21":1,"22":1,"23":1,"24":1,"25":1,"26":1,"27":1,"28":1,"29":1,"30":1,"31":1,"32":1,"33":1,"34":1,"35":1,"36":1,"37":1,"38":1,"39":1,"40":1,"41":1,"42":1,"43":1,"44":1,"45":1,"46":1,"47":1,"48":1,"49":1,"50":1,"51":1,"52":1,"53":1,"54":1,"55":1,"56":1,"57":1,"58":1,"59":1,"60":1,"61":1,"62":1,"63":1},"branchMap":{"0":{"type":"branch","line":24,"loc":{"start":{"line":24,"column":14},"end":{"line":24,"column":86}},"locations":[{"start":{"line":24,"column":14},"end":{"line":24,"column":86}}]},"1":{"type":"branch","line":27,"loc":{"start":{"line":27,"column":14},"end":{"line":27,"column":38}},"locations":[{"start":{"line":27,"column":14},"end":{"line":27,"column":38}}]}},"b":{"0":[1],"1":[1]},"fnMap":{"0":{"name":"__vite_ssr_import_1__.createElementBlock.__vite_ssr_import_1__.createElementVNode.__vite_ssr_import_1__.createElementVNode.onInput._cache.<computed>._cache.<computed>","decl":{"start":{"line":24,"column":14},"end":{"line":24,"column":86}},"loc":{"start":{"line":24,"column":14},"end":{"line":24,"column":86}},"line":24}},"f":{"0":1}}
,"/home/eusouanderson/Projetos/Challenge_Comerc/frontend/src/components/organisms/MovieViewToggle.vue": {"path":"/home/eusouanderson/Projetos/Challenge_Comerc/frontend/src/components/organisms/MovieViewToggle.vue","all":false,"statementMap":{"0":{"start":{"line":1,"column":0},"end":{"line":1,"column":10}},"1":{"start":{"line":2,"column":0},"end":{"line":2,"column":31}},"2":{"start":{"line":3,"column":0},"end":{"line":3,"column":11}},"3":{"start":{"line":4,"column":0},"end":{"line":4,"column":42}},"4":{"start":{"line":5,"column":0},"end":{"line":5,"column":15}},"5":{"start":{"line":6,"column":0},"end":{"line":6,"column":56}},"6":{"start":{"line":7,"column":0},"end":{"line":7,"column":59}},"7":{"start":{"line":8,"column":0},"end":{"line":8,"column":8}},"8":{"start":{"line":9,"column":0},"end":{"line":9,"column":59}},"9":{"start":{"line":10,"column":0},"end":{"line":10,"column":5}},"10":{"start":{"line":11,"column":0},"end":{"line":11,"column":16}},"11":{"start":{"line":12,"column":0},"end":{"line":12,"column":13}},"12":{"start":{"line":13,"column":0},"end":{"line":13,"column":11}},"13":{"start":{"line":14,"column":0},"end":{"line":14,"column":43}},"14":{"start":{"line":15,"column":0},"end":{"line":15,"column":15}},"15":{"start":{"line":16,"column":0},"end":{"line":16,"column":57}},"16":{"start":{"line":17,"column":0},"end":{"line":17,"column":60}},"17":{"start":{"line":18,"column":0},"end":{"line":18,"column":8}},"18":{"start":{"line":19,"column":0},"end":{"line":19,"column":59}},"19":{"start":{"line":20,"column":0},"end":{"line":20,"column":5}},"20":{"start":{"line":21,"column":0},"end":{"line":21,"column":15}},"21":{"start":{"line":22,"column":0},"end":{"line":22,"column":13}},"22":{"start":{"line":23,"column":0},"end":{"line":23,"column":8}},"23":{"start":{"line":24,"column":0},"end":{"line":24,"column":11}},"24":{"start":{"line":25,"column":0},"end":{"line":25,"column":0}},"25":{"start":{"line":26,"column":0},"end":{"line":26,"column":18}},"26":{"start":{"line":27,"column":0},"end":{"line":27,"column":38}},"27":{"start":{"line":28,"column":0},"end":{"line":28,"column":0}},"28":{"start":{"line":29,"column":0},"end":{"line":29,"column":32}},"29":{"start":{"line":30,"column":0},"end":{"line":30,"column":26}},"30":{"start":{"line":31,"column":0},"end":{"line":31,"column":10}},"31":{"start":{"line":32,"column":0},"end":{"line":32,"column":74}},"32":{"start":{"line":33,"column":0},"end":{"line":33,"column":4}},"33":{"start":{"line":34,"column":0},"end":{"line":34,"column":25}},"34":{"start":{"line":35,"column":0},"end":{"line":35,"column":3}},"35":{"start":{"line":36,"column":0},"end":{"line":36,"column":9}}},"s":{"0":1,"1":1,"2":1,"3":1,"4":1,"5":1,"6":1,"7":1,"8":1,"9":1,"10":1,"11":1,"12":1,"13":1,"14":1,"15":1,"16":1,"17":1,"18":1,"19":1,"20":1,"21":1,"22":1,"23":1,"24":1,"25":1,"26":1,"27":1,"28":1,"29":1,"30":1,"31":1,"32":1,"33":1,"34":1,"35":1},"branchMap":{},"b":{},"fnMap":{},"f":{}}
,"/home/eusouanderson/Projetos/Challenge_Comerc/frontend/src/components/organisms/UserList.vue": {"path":"/home/eusouanderson/Projetos/Challenge_Comerc/frontend/src/components/organisms/UserList.vue","all":false,"statementMap":{"0":{"start":{"line":1,"column":0},"end":{"line":1,"column":10}},"1":{"start":{"line":2,"column":0},"end":{"line":2,"column":7}},"2":{"start":{"line":3,"column":0},"end":{"line":3,"column":27}},"3":{"start":{"line":4,"column":0},"end":{"line":4,"column":75}},"4":{"start":{"line":5,"column":0},"end":{"line":5,"column":69}},"5":{"start":{"line":6,"column":0},"end":{"line":6,"column":39}},"6":{"start":{"line":7,"column":0},"end":{"line":7,"column":46}},"7":{"start":{"line":8,"column":0},"end":{"line":8,"column":50}},"8":{"start":{"line":9,"column":0},"end":{"line":9,"column":15}},"9":{"start":{"line":10,"column":0},"end":{"line":10,"column":10}},"10":{"start":{"line":11,"column":0},"end":{"line":11,"column":0}},"11":{"start":{"line":12,"column":0},"end":{"line":12,"column":76}},"12":{"start":{"line":13,"column":0},"end":{"line":13,"column":13}},"13":{"start":{"line":14,"column":0},"end":{"line":14,"column":32}},"14":{"start":{"line":15,"column":0},"end":{"line":15,"column":58}},"15":{"start":{"line":16,"column":0},"end":{"line":16,"column":63}},"16":{"start":{"line":17,"column":0},"end":{"line":17,"column":60}},"17":{"start":{"line":18,"column":0},"end":{"line":18,"column":59}},"18":{"start":{"line":19,"column":0},"end":{"line":19,"column":13}},"19":{"start":{"line":20,"column":0},"end":{"line":20,"column":14}},"20":{"start":{"line":21,"column":0},"end":{"line":21,"column":13}},"21":{"start":{"line":22,"column":0},"end":{"line":22,"column":82}},"22":{"start":{"line":23,"column":0},"end":{"line":23,"column":69}},"23":{"start":{"line":24,"column":0},"end":{"line":24,"column":73}},"24":{"start":{"line":25,"column":0},"end":{"line":25,"column":49}},"25":{"start":{"line":26,"column":0},"end":{"line":26,"column":64}},"26":{"start":{"line":27,"column":0},"end":{"line":27,"column":15}},"27":{"start":{"line":28,"column":0},"end":{"line":28,"column":59}},"28":{"start":{"line":29,"column":0},"end":{"line":29,"column":87}},"29":{"start":{"line":30,"column":0},"end":{"line":30,"column":20}},"30":{"start":{"line":31,"column":0},"end":{"line":31,"column":21}},"31":{"start":{"line":32,"column":0},"end":{"line":32,"column":92}},"32":{"start":{"line":33,"column":0},"end":{"line":33,"column":23}},"33":{"start":{"line":34,"column":0},"end":{"line":34,"column":21}},"34":{"start":{"line":35,"column":0},"end":{"line":35,"column":15}},"35":{"start":{"line":36,"column":0},"end":{"line":36,"column":13}},"36":{"start":{"line":37,"column":0},"end":{"line":37,"column":46}},"37":{"start":{"line":38,"column":0},"end":{"line":38,"column":94}},"38":{"start":{"line":39,"column":0},"end":{"line":39,"column":13}},"39":{"start":{"line":40,"column":0},"end":{"line":40,"column":14}},"40":{"start":{"line":41,"column":0},"end":{"line":41,"column":12}},"41":{"start":{"line":42,"column":0},"end":{"line":42,"column":8}},"42":{"start":{"line":43,"column":0},"end":{"line":43,"column":11}},"43":{"start":{"line":44,"column":0},"end":{"line":44,"column":0}},"44":{"start":{"line":45,"column":0},"end":{"line":45,"column":24}},"45":{"start":{"line":46,"column":0},"end":{"line":46,"column":36}},"46":{"start":{"line":47,"column":0},"end":{"line":47,"column":49}},"47":{"start":{"line":48,"column":0},"end":{"line":48,"column":0}},"48":{"start":{"line":49,"column":0},"end":{"line":49,"column":51}},"49":{"start":{"line":50,"column":0},"end":{"line":50,"column":49}},"50":{"start":{"line":51,"column":0},"end":{"line":51,"column":0}},"51":{"start":{"line":52,"column":0},"end":{"line":52,"column":23}},"52":{"start":{"line":53,"column":0},"end":{"line":53,"column":29}},"53":{"start":{"line":54,"column":0},"end":{"line":54,"column":0}},"54":{"start":{"line":55,"column":0},"end":{"line":55,"column":38}},"55":{"start":{"line":56,"column":0},"end":{"line":56,"column":39}},"56":{"start":{"line":57,"column":0},"end":{"line":57,"column":48}},"57":{"start":{"line":58,"column":0},"end":{"line":58,"column":56}},"58":{"start":{"line":59,"column":0},"end":{"line":59,"column":23}},"59":{"start":{"line":60,"column":0},"end":{"line":60,"column":97}},"60":{"start":{"line":61,"column":0},"end":{"line":61,"column":0}},"61":{"start":{"line":62,"column":0},"end":{"line":62,"column":87}},"62":{"start":{"line":63,"column":0},"end":{"line":63,"column":0}},"63":{"start":{"line":64,"column":0},"end":{"line":64,"column":38}},"64":{"start":{"line":65,"column":0},"end":{"line":65,"column":5}},"65":{"start":{"line":66,"column":0},"end":{"line":66,"column":3}},"66":{"start":{"line":67,"column":0},"end":{"line":67,"column":9}}},"s":{"0":1,"1":1,"2":1,"3":1,"4":1,"5":1,"6":1,"7":1,"8":1,"9":1,"10":1,"11":1,"12":1,"13":1,"14":1,"15":1,"16":1,"17":1,"18":1,"19":1,"20":1,"21":1,"22":1,"23":1,"24":1,"25":1,"26":1,"27":1,"28":1,"29":1,"30":1,"31":1,"32":1,"33":1,"34":1,"35":1,"36":1,"37":1,"38":1,"39":1,"40":1,"41":1,"42":1,"43":1,"44":1,"45":1,"46":1,"47":1,"48":1,"49":1,"50":1,"51":1,"52":1,"53":1,"54":1,"55":16,"56":45,"57":45,"58":45,"59":45,"60":45,"61":45,"62":45,"63":45,"64":16,"65":1,"66":1},"branchMap":{"0":{"type":"branch","line":55,"loc":{"start":{"line":55,"column":31},"end":{"line":66,"column":1}},"locations":[{"start":{"line":55,"column":31},"end":{"line":66,"column":1}}]},"1":{"type":"branch","line":56,"loc":{"start":{"line":56,"column":28},"end":{"line":65,"column":3}},"locations":[{"start":{"line":56,"column":28},"end":{"line":65,"column":3}}]},"2":{"type":"branch","line":57,"loc":{"start":{"line":57,"column":40},"end":{"line":57,"column":48}},"locations":[{"start":{"line":57,"column":40},"end":{"line":57,"column":48}}]},"3":{"type":"branch","line":58,"loc":{"start":{"line":58,"column":48},"end":{"line":58,"column":56}},"locations":[{"start":{"line":58,"column":48},"end":{"line":58,"column":56}}]},"4":{"type":"branch","line":60,"loc":{"start":{"line":60,"column":46},"end":{"line":60,"column":97}},"locations":[{"start":{"line":60,"column":46},"end":{"line":60,"column":97}}]},"5":{"type":"branch","line":62,"loc":{"start":{"line":62,"column":37},"end":{"line":62,"column":82}},"locations":[{"start":{"line":62,"column":37},"end":{"line":62,"column":82}}]},"6":{"type":"branch","line":62,"loc":{"start":{"line":62,"column":74},"end":{"line":62,"column":87}},"locations":[{"start":{"line":62,"column":74},"end":{"line":62,"column":87}}]},"7":{"type":"branch","line":64,"loc":{"start":{"line":64,"column":11},"end":{"line":64,"column":38}},"locations":[{"start":{"line":64,"column":11},"end":{"line":64,"column":38}}]},"8":{"type":"branch","line":4,"loc":{"start":{"line":4,"column":22},"end":{"line":4,"column":30}},"locations":[{"start":{"line":4,"column":22},"end":{"line":4,"column":30}}]},"9":{"type":"branch","line":37,"loc":{"start":{"line":37,"column":38},"end":{"line":38,"column":94}},"locations":[{"start":{"line":37,"column":38},"end":{"line":38,"column":94}}]},"10":{"type":"branch","line":38,"loc":{"start":{"line":38,"column":89},"end":{"line":38,"column":94}},"locations":[{"start":{"line":38,"column":89},"end":{"line":38,"column":94}}]},"11":{"type":"branch","line":4,"loc":{"start":{"line":4,"column":22},"end":{"line":4,"column":30}},"locations":[{"start":{"line":4,"column":22},"end":{"line":4,"column":30}}]},"12":{"type":"branch","line":26,"loc":{"start":{"line":26,"column":26},"end":{"line":26,"column":64}},"locations":[{"start":{"line":26,"column":26},"end":{"line":26,"column":64}}]},"13":{"type":"branch","line":26,"loc":{"start":{"line":26,"column":26},"end":{"line":26,"column":64}},"locations":[{"start":{"line":26,"column":26},"end":{"line":26,"column":64}}]}},"b":{"0":[16],"1":[45],"2":[0],"3":[0],"4":[6],"5":[9],"6":[36],"7":[41],"8":[10],"9":[1],"10":[15],"11":[3],"12":[28],"13":[10]},"fnMap":{"0":{"name":"__vite_ssr_import_3__.createElementBlock.__vite_ssr_import_3__.createElementVNode.__vite_ssr_import_3__.createVNode.onUpdate:modelValue._cache.<computed>._cache.<computed>","decl":{"start":{"line":4,"column":22},"end":{"line":4,"column":30}},"loc":{"start":{"line":4,"column":22},"end":{"line":4,"column":30}},"line":4}},"f":{"0":3}}
}
